<?xml version="1.0" encoding="UTF-8"?>
<!-- Generated by org.testng.reporters.JUnitReportReporter -->
<testsuite hostname="DESKTOP-HHIM7D1" failures="0" tests="7" name="tests.Login" time="122.595" errors="0" timestamp="2024-11-21T13:59:57 IST" skipped="0">
  <testcase classname="tests.Login" name="verifyLoginUsingValidCredentials" time="15.581"/>
  <testcase classname="tests.Login" name="verifyLoginUsingValidCredentials" time="12.804"/>
  <testcase classname="tests.Login" name="verifyLoginUsingValidCredentials" time="11.106"/>
  <testcase classname="tests.Login" name="verifyLoginUsingInValidCredentials" time="11.150"/>
  <testcase classname="tests.Login" name="verifyLoginUsingInValidEmailAndvalidPasswordCredentials" time="10.703"/>
  <testcase classname="tests.Login" name="verifyLoginUsingValidEmailInvalidpasswordCredentials" time="24.613"/>
  <testcase classname="tests.Login" name="verifyLoginUsingWithoutCredentials" time="36.638"/>
</testsuite> <!-- tests.Login -->
