<?xml version="1.0" encoding="UTF-8"?>
<!-- Generated by org.testng.reporters.JUnitReportReporter -->
<testsuite hostname="DESKTOP-HHIM7D1" failures="0" tests="4" name="tests.Register" time="41.247" errors="0" timestamp="2024-11-21T13:59:57 IST" skipped="1">
  <testcase classname="tests.Register" name="verifyRegisteringAccountUsingMandatoryFields" time="13.439"/>
  <testcase classname="tests.Register" name="verifyRegisteringAccountUsingAllFields" time="13.695"/>
  <testcase classname="tests.Register" name="verifyRegistrationUsingSayingYesToNewsletter" time="14.113"/>
  <testcase classname="tests.Register" name="verifyRegistrationUsingSayingNoToNewsletter">
    <skipped/>
  </testcase> <!-- verifyRegistrationUsingSayingNoToNewsletter -->
</testsuite> <!-- tests.Register -->
